<?xml version="1.0" encoding="UTF-8"?>
<!-- Generated by org.testng.reporters.JUnitXMLReporter -->
<testsuite hostname="UK000824" ignored="1" name="Regression Suit" tests="3" failures="0" timestamp="2020-10-09T13:54:34 BST" time="202.699" errors="0">
  <testcase name="homeScreen" time="101.527" classname="Tests.Demo"/>
  <testcase name="resumeTailoring" time="66.12" classname="Tests.Demo"/>
  <testcase name="confirmAndDelete" time="17.157" classname="Tests.Demo"/>
  <testcase name="homeScreenQA" time="0.0" classname="Tests.Demo">
    <ignored/>
  </testcase> <!-- homeScreenQA -->
</testsuite> <!-- Regression Suit -->
